[2023-12-15 13:51:08] [INFO]    [OmnipathR] Welcome to OmnipathR!
[2023-12-15 13:51:08] [TRACE]   [OmnipathR] Reading JSON from `/Users/ieo/Library/Caches/OmnipathR/cache.json` (encoding: UTF-8).
[2023-12-15 13:51:08] [TRACE]   [OmnipathR] JSON validation successful: TRUE
[2023-12-15 13:51:08] [INFO]    [OmnipathR] Initialized cache: `/Users/ieo/Library/Caches/OmnipathR`.
[2023-12-15 13:51:08] [TRACE]   [OmnipathR] Reading JSON from `/Library/Frameworks/R.framework/Versions/4.2/Resources/library/OmnipathR/db/db_def.json` (encoding: UTF-8).
[2023-12-15 13:51:08] [TRACE]   [OmnipathR] JSON validation successful: TRUE
[2023-12-15 13:51:08] [TRACE]   [OmnipathR] Reading JSON from `/Library/Frameworks/R.framework/Versions/4.2/Resources/library/OmnipathR/internal/magic_bytes.json` (encoding: UTF-8).
[2023-12-15 13:51:08] [TRACE]   [OmnipathR] JSON validation successful: TRUE
[2023-12-15 13:51:08] [TRACE]   [OmnipathR] Reading JSON from `/Library/Frameworks/R.framework/Versions/4.2/Resources/library/OmnipathR/internal/urls.json` (encoding: UTF-8).
[2023-12-15 13:51:08] [TRACE]   [OmnipathR] JSON validation successful: TRUE
[2023-12-15 13:51:08] [TRACE]   [OmnipathR] Reading JSON from `/Library/Frameworks/R.framework/Versions/4.2/Resources/library/OmnipathR/internal/id_types.json` (encoding: UTF-8).
[2023-12-15 13:51:08] [TRACE]   [OmnipathR] JSON validation successful: TRUE
[2023-12-15 13:51:21] [INFO]    [OmnipathR] Welcome to OmnipathR!
[2023-12-15 13:51:21] [TRACE]   [OmnipathR] Reading JSON from `/Users/ieo/Library/Caches/OmnipathR/cache.json` (encoding: UTF-8).
[2023-12-15 13:51:21] [TRACE]   [OmnipathR] JSON validation successful: TRUE
[2023-12-15 13:51:21] [INFO]    [OmnipathR] Initialized cache: `/Users/ieo/Library/Caches/OmnipathR`.
[2023-12-15 13:51:21] [TRACE]   [OmnipathR] Reading JSON from `/Library/Frameworks/R.framework/Versions/4.2/Resources/library/OmnipathR/db/db_def.json` (encoding: UTF-8).
[2023-12-15 13:51:21] [TRACE]   [OmnipathR] JSON validation successful: TRUE
[2023-12-15 13:51:21] [TRACE]   [OmnipathR] Reading JSON from `/Library/Frameworks/R.framework/Versions/4.2/Resources/library/OmnipathR/internal/magic_bytes.json` (encoding: UTF-8).
[2023-12-15 13:51:21] [TRACE]   [OmnipathR] JSON validation successful: TRUE
[2023-12-15 13:51:21] [TRACE]   [OmnipathR] Reading JSON from `/Library/Frameworks/R.framework/Versions/4.2/Resources/library/OmnipathR/internal/urls.json` (encoding: UTF-8).
[2023-12-15 13:51:21] [TRACE]   [OmnipathR] JSON validation successful: TRUE
[2023-12-15 13:51:21] [TRACE]   [OmnipathR] Reading JSON from `/Library/Frameworks/R.framework/Versions/4.2/Resources/library/OmnipathR/internal/id_types.json` (encoding: UTF-8).
[2023-12-15 13:51:21] [TRACE]   [OmnipathR] JSON validation successful: TRUE
[2023-12-15 13:51:34] [INFO]    [OmnipathR] Welcome to OmnipathR!
[2023-12-15 13:51:34] [TRACE]   [OmnipathR] Reading JSON from `/Users/ieo/Library/Caches/OmnipathR/cache.json` (encoding: UTF-8).
[2023-12-15 13:51:34] [TRACE]   [OmnipathR] JSON validation successful: TRUE
[2023-12-15 13:51:34] [INFO]    [OmnipathR] Initialized cache: `/Users/ieo/Library/Caches/OmnipathR`.
[2023-12-15 13:51:34] [TRACE]   [OmnipathR] Reading JSON from `/Library/Frameworks/R.framework/Versions/4.2/Resources/library/OmnipathR/db/db_def.json` (encoding: UTF-8).
[2023-12-15 13:51:34] [TRACE]   [OmnipathR] JSON validation successful: TRUE
[2023-12-15 13:51:34] [TRACE]   [OmnipathR] Reading JSON from `/Library/Frameworks/R.framework/Versions/4.2/Resources/library/OmnipathR/internal/magic_bytes.json` (encoding: UTF-8).
[2023-12-15 13:51:34] [TRACE]   [OmnipathR] JSON validation successful: TRUE
[2023-12-15 13:51:34] [TRACE]   [OmnipathR] Reading JSON from `/Library/Frameworks/R.framework/Versions/4.2/Resources/library/OmnipathR/internal/urls.json` (encoding: UTF-8).
[2023-12-15 13:51:34] [TRACE]   [OmnipathR] JSON validation successful: TRUE
[2023-12-15 13:51:34] [TRACE]   [OmnipathR] Reading JSON from `/Library/Frameworks/R.framework/Versions/4.2/Resources/library/OmnipathR/internal/id_types.json` (encoding: UTF-8).
[2023-12-15 13:51:34] [TRACE]   [OmnipathR] JSON validation successful: TRUE
[2023-12-15 13:51:47] [INFO]    [OmnipathR] Welcome to OmnipathR!
[2023-12-15 13:51:47] [TRACE]   [OmnipathR] Reading JSON from `/Users/ieo/Library/Caches/OmnipathR/cache.json` (encoding: UTF-8).
[2023-12-15 13:51:47] [TRACE]   [OmnipathR] JSON validation successful: TRUE
[2023-12-15 13:51:47] [INFO]    [OmnipathR] Initialized cache: `/Users/ieo/Library/Caches/OmnipathR`.
[2023-12-15 13:51:47] [TRACE]   [OmnipathR] Reading JSON from `/Library/Frameworks/R.framework/Versions/4.2/Resources/library/OmnipathR/db/db_def.json` (encoding: UTF-8).
[2023-12-15 13:51:47] [TRACE]   [OmnipathR] JSON validation successful: TRUE
[2023-12-15 13:51:47] [TRACE]   [OmnipathR] Reading JSON from `/Library/Frameworks/R.framework/Versions/4.2/Resources/library/OmnipathR/internal/magic_bytes.json` (encoding: UTF-8).
[2023-12-15 13:51:47] [TRACE]   [OmnipathR] JSON validation successful: TRUE
[2023-12-15 13:51:47] [TRACE]   [OmnipathR] Reading JSON from `/Library/Frameworks/R.framework/Versions/4.2/Resources/library/OmnipathR/internal/urls.json` (encoding: UTF-8).
[2023-12-15 13:51:47] [TRACE]   [OmnipathR] JSON validation successful: TRUE
[2023-12-15 13:51:47] [TRACE]   [OmnipathR] Reading JSON from `/Library/Frameworks/R.framework/Versions/4.2/Resources/library/OmnipathR/internal/id_types.json` (encoding: UTF-8).
[2023-12-15 13:51:47] [TRACE]   [OmnipathR] JSON validation successful: TRUE
