[2023-12-15 13:55:05] [INFO]    [OmnipathR] Welcome to OmnipathR!
[2023-12-15 13:55:05] [TRACE]   [OmnipathR] Reading JSON from `/Users/ieo/Library/Caches/OmnipathR/cache.json` (encoding: UTF-8).
[2023-12-15 13:55:05] [TRACE]   [OmnipathR] JSON validation successful: TRUE
[2023-12-15 13:55:05] [INFO]    [OmnipathR] Initialized cache: `/Users/ieo/Library/Caches/OmnipathR`.
[2023-12-15 13:55:05] [TRACE]   [OmnipathR] Reading JSON from `/Library/Frameworks/R.framework/Versions/4.2/Resources/library/OmnipathR/db/db_def.json` (encoding: UTF-8).
[2023-12-15 13:55:05] [TRACE]   [OmnipathR] JSON validation successful: TRUE
[2023-12-15 13:55:05] [TRACE]   [OmnipathR] Reading JSON from `/Library/Frameworks/R.framework/Versions/4.2/Resources/library/OmnipathR/internal/magic_bytes.json` (encoding: UTF-8).
[2023-12-15 13:55:05] [TRACE]   [OmnipathR] JSON validation successful: TRUE
[2023-12-15 13:55:05] [TRACE]   [OmnipathR] Reading JSON from `/Library/Frameworks/R.framework/Versions/4.2/Resources/library/OmnipathR/internal/urls.json` (encoding: UTF-8).
[2023-12-15 13:55:05] [TRACE]   [OmnipathR] JSON validation successful: TRUE
[2023-12-15 13:55:05] [TRACE]   [OmnipathR] Reading JSON from `/Library/Frameworks/R.framework/Versions/4.2/Resources/library/OmnipathR/internal/id_types.json` (encoding: UTF-8).
[2023-12-15 13:55:05] [TRACE]   [OmnipathR] JSON validation successful: TRUE
[2023-12-15 13:55:18] [INFO]    [OmnipathR] Welcome to OmnipathR!
[2023-12-15 13:55:18] [TRACE]   [OmnipathR] Reading JSON from `/Users/ieo/Library/Caches/OmnipathR/cache.json` (encoding: UTF-8).
[2023-12-15 13:55:18] [TRACE]   [OmnipathR] JSON validation successful: TRUE
[2023-12-15 13:55:18] [INFO]    [OmnipathR] Initialized cache: `/Users/ieo/Library/Caches/OmnipathR`.
[2023-12-15 13:55:18] [TRACE]   [OmnipathR] Reading JSON from `/Library/Frameworks/R.framework/Versions/4.2/Resources/library/OmnipathR/db/db_def.json` (encoding: UTF-8).
[2023-12-15 13:55:18] [TRACE]   [OmnipathR] JSON validation successful: TRUE
[2023-12-15 13:55:18] [TRACE]   [OmnipathR] Reading JSON from `/Library/Frameworks/R.framework/Versions/4.2/Resources/library/OmnipathR/internal/magic_bytes.json` (encoding: UTF-8).
[2023-12-15 13:55:18] [TRACE]   [OmnipathR] JSON validation successful: TRUE
[2023-12-15 13:55:18] [TRACE]   [OmnipathR] Reading JSON from `/Library/Frameworks/R.framework/Versions/4.2/Resources/library/OmnipathR/internal/urls.json` (encoding: UTF-8).
[2023-12-15 13:55:18] [TRACE]   [OmnipathR] JSON validation successful: TRUE
[2023-12-15 13:55:18] [TRACE]   [OmnipathR] Reading JSON from `/Library/Frameworks/R.framework/Versions/4.2/Resources/library/OmnipathR/internal/id_types.json` (encoding: UTF-8).
[2023-12-15 13:55:18] [TRACE]   [OmnipathR] JSON validation successful: TRUE
[2023-12-15 13:55:31] [INFO]    [OmnipathR] Welcome to OmnipathR!
[2023-12-15 13:55:31] [TRACE]   [OmnipathR] Reading JSON from `/Users/ieo/Library/Caches/OmnipathR/cache.json` (encoding: UTF-8).
[2023-12-15 13:55:31] [TRACE]   [OmnipathR] JSON validation successful: TRUE
[2023-12-15 13:55:31] [INFO]    [OmnipathR] Initialized cache: `/Users/ieo/Library/Caches/OmnipathR`.
[2023-12-15 13:55:31] [TRACE]   [OmnipathR] Reading JSON from `/Library/Frameworks/R.framework/Versions/4.2/Resources/library/OmnipathR/db/db_def.json` (encoding: UTF-8).
[2023-12-15 13:55:31] [TRACE]   [OmnipathR] JSON validation successful: TRUE
[2023-12-15 13:55:31] [TRACE]   [OmnipathR] Reading JSON from `/Library/Frameworks/R.framework/Versions/4.2/Resources/library/OmnipathR/internal/magic_bytes.json` (encoding: UTF-8).
[2023-12-15 13:55:31] [TRACE]   [OmnipathR] JSON validation successful: TRUE
[2023-12-15 13:55:31] [TRACE]   [OmnipathR] Reading JSON from `/Library/Frameworks/R.framework/Versions/4.2/Resources/library/OmnipathR/internal/urls.json` (encoding: UTF-8).
[2023-12-15 13:55:31] [TRACE]   [OmnipathR] JSON validation successful: TRUE
[2023-12-15 13:55:31] [TRACE]   [OmnipathR] Reading JSON from `/Library/Frameworks/R.framework/Versions/4.2/Resources/library/OmnipathR/internal/id_types.json` (encoding: UTF-8).
[2023-12-15 13:55:31] [TRACE]   [OmnipathR] JSON validation successful: TRUE
[2023-12-15 13:55:44] [INFO]    [OmnipathR] Welcome to OmnipathR!
[2023-12-15 13:55:44] [TRACE]   [OmnipathR] Reading JSON from `/Users/ieo/Library/Caches/OmnipathR/cache.json` (encoding: UTF-8).
[2023-12-15 13:55:44] [TRACE]   [OmnipathR] JSON validation successful: TRUE
[2023-12-15 13:55:44] [INFO]    [OmnipathR] Initialized cache: `/Users/ieo/Library/Caches/OmnipathR`.
[2023-12-15 13:55:44] [TRACE]   [OmnipathR] Reading JSON from `/Library/Frameworks/R.framework/Versions/4.2/Resources/library/OmnipathR/db/db_def.json` (encoding: UTF-8).
[2023-12-15 13:55:44] [TRACE]   [OmnipathR] JSON validation successful: TRUE
[2023-12-15 13:55:44] [TRACE]   [OmnipathR] Reading JSON from `/Library/Frameworks/R.framework/Versions/4.2/Resources/library/OmnipathR/internal/magic_bytes.json` (encoding: UTF-8).
[2023-12-15 13:55:44] [TRACE]   [OmnipathR] JSON validation successful: TRUE
[2023-12-15 13:55:44] [TRACE]   [OmnipathR] Reading JSON from `/Library/Frameworks/R.framework/Versions/4.2/Resources/library/OmnipathR/internal/urls.json` (encoding: UTF-8).
[2023-12-15 13:55:44] [TRACE]   [OmnipathR] JSON validation successful: TRUE
[2023-12-15 13:55:44] [TRACE]   [OmnipathR] Reading JSON from `/Library/Frameworks/R.framework/Versions/4.2/Resources/library/OmnipathR/internal/id_types.json` (encoding: UTF-8).
[2023-12-15 13:55:44] [TRACE]   [OmnipathR] JSON validation successful: TRUE
[2023-12-15 13:55:58] [INFO]    [OmnipathR] Welcome to OmnipathR!
[2023-12-15 13:55:58] [TRACE]   [OmnipathR] Reading JSON from `/Users/ieo/Library/Caches/OmnipathR/cache.json` (encoding: UTF-8).
[2023-12-15 13:55:58] [TRACE]   [OmnipathR] JSON validation successful: TRUE
[2023-12-15 13:55:58] [INFO]    [OmnipathR] Initialized cache: `/Users/ieo/Library/Caches/OmnipathR`.
[2023-12-15 13:55:58] [TRACE]   [OmnipathR] Reading JSON from `/Library/Frameworks/R.framework/Versions/4.2/Resources/library/OmnipathR/db/db_def.json` (encoding: UTF-8).
[2023-12-15 13:55:58] [TRACE]   [OmnipathR] JSON validation successful: TRUE
[2023-12-15 13:55:58] [TRACE]   [OmnipathR] Reading JSON from `/Library/Frameworks/R.framework/Versions/4.2/Resources/library/OmnipathR/internal/magic_bytes.json` (encoding: UTF-8).
[2023-12-15 13:55:58] [TRACE]   [OmnipathR] JSON validation successful: TRUE
[2023-12-15 13:55:58] [TRACE]   [OmnipathR] Reading JSON from `/Library/Frameworks/R.framework/Versions/4.2/Resources/library/OmnipathR/internal/urls.json` (encoding: UTF-8).
[2023-12-15 13:55:58] [TRACE]   [OmnipathR] JSON validation successful: TRUE
[2023-12-15 13:55:58] [TRACE]   [OmnipathR] Reading JSON from `/Library/Frameworks/R.framework/Versions/4.2/Resources/library/OmnipathR/internal/id_types.json` (encoding: UTF-8).
[2023-12-15 13:55:58] [TRACE]   [OmnipathR] JSON validation successful: TRUE
