[2023-12-15 13:53:05] [INFO]    [OmnipathR] Welcome to OmnipathR!
[2023-12-15 13:53:05] [TRACE]   [OmnipathR] Reading JSON from `/Users/ieo/Library/Caches/OmnipathR/cache.json` (encoding: UTF-8).
[2023-12-15 13:53:05] [TRACE]   [OmnipathR] JSON validation successful: TRUE
[2023-12-15 13:53:05] [INFO]    [OmnipathR] Initialized cache: `/Users/ieo/Library/Caches/OmnipathR`.
[2023-12-15 13:53:05] [TRACE]   [OmnipathR] Reading JSON from `/Library/Frameworks/R.framework/Versions/4.2/Resources/library/OmnipathR/db/db_def.json` (encoding: UTF-8).
[2023-12-15 13:53:05] [TRACE]   [OmnipathR] JSON validation successful: TRUE
[2023-12-15 13:53:05] [TRACE]   [OmnipathR] Reading JSON from `/Library/Frameworks/R.framework/Versions/4.2/Resources/library/OmnipathR/internal/magic_bytes.json` (encoding: UTF-8).
[2023-12-15 13:53:05] [TRACE]   [OmnipathR] JSON validation successful: TRUE
[2023-12-15 13:53:05] [TRACE]   [OmnipathR] Reading JSON from `/Library/Frameworks/R.framework/Versions/4.2/Resources/library/OmnipathR/internal/urls.json` (encoding: UTF-8).
[2023-12-15 13:53:05] [TRACE]   [OmnipathR] JSON validation successful: TRUE
[2023-12-15 13:53:05] [TRACE]   [OmnipathR] Reading JSON from `/Library/Frameworks/R.framework/Versions/4.2/Resources/library/OmnipathR/internal/id_types.json` (encoding: UTF-8).
[2023-12-15 13:53:05] [TRACE]   [OmnipathR] JSON validation successful: TRUE
[2023-12-15 13:53:19] [INFO]    [OmnipathR] Welcome to OmnipathR!
[2023-12-15 13:53:19] [TRACE]   [OmnipathR] Reading JSON from `/Users/ieo/Library/Caches/OmnipathR/cache.json` (encoding: UTF-8).
[2023-12-15 13:53:19] [TRACE]   [OmnipathR] JSON validation successful: TRUE
[2023-12-15 13:53:19] [INFO]    [OmnipathR] Initialized cache: `/Users/ieo/Library/Caches/OmnipathR`.
[2023-12-15 13:53:19] [TRACE]   [OmnipathR] Reading JSON from `/Library/Frameworks/R.framework/Versions/4.2/Resources/library/OmnipathR/db/db_def.json` (encoding: UTF-8).
[2023-12-15 13:53:19] [TRACE]   [OmnipathR] JSON validation successful: TRUE
[2023-12-15 13:53:19] [TRACE]   [OmnipathR] Reading JSON from `/Library/Frameworks/R.framework/Versions/4.2/Resources/library/OmnipathR/internal/magic_bytes.json` (encoding: UTF-8).
[2023-12-15 13:53:19] [TRACE]   [OmnipathR] JSON validation successful: TRUE
[2023-12-15 13:53:19] [TRACE]   [OmnipathR] Reading JSON from `/Library/Frameworks/R.framework/Versions/4.2/Resources/library/OmnipathR/internal/urls.json` (encoding: UTF-8).
[2023-12-15 13:53:19] [TRACE]   [OmnipathR] JSON validation successful: TRUE
[2023-12-15 13:53:19] [TRACE]   [OmnipathR] Reading JSON from `/Library/Frameworks/R.framework/Versions/4.2/Resources/library/OmnipathR/internal/id_types.json` (encoding: UTF-8).
[2023-12-15 13:53:19] [TRACE]   [OmnipathR] JSON validation successful: TRUE
[2023-12-15 13:53:32] [INFO]    [OmnipathR] Welcome to OmnipathR!
[2023-12-15 13:53:32] [TRACE]   [OmnipathR] Reading JSON from `/Users/ieo/Library/Caches/OmnipathR/cache.json` (encoding: UTF-8).
[2023-12-15 13:53:32] [TRACE]   [OmnipathR] JSON validation successful: TRUE
[2023-12-15 13:53:32] [INFO]    [OmnipathR] Initialized cache: `/Users/ieo/Library/Caches/OmnipathR`.
[2023-12-15 13:53:32] [TRACE]   [OmnipathR] Reading JSON from `/Library/Frameworks/R.framework/Versions/4.2/Resources/library/OmnipathR/db/db_def.json` (encoding: UTF-8).
[2023-12-15 13:53:32] [TRACE]   [OmnipathR] JSON validation successful: TRUE
[2023-12-15 13:53:32] [TRACE]   [OmnipathR] Reading JSON from `/Library/Frameworks/R.framework/Versions/4.2/Resources/library/OmnipathR/internal/magic_bytes.json` (encoding: UTF-8).
[2023-12-15 13:53:32] [TRACE]   [OmnipathR] JSON validation successful: TRUE
[2023-12-15 13:53:32] [TRACE]   [OmnipathR] Reading JSON from `/Library/Frameworks/R.framework/Versions/4.2/Resources/library/OmnipathR/internal/urls.json` (encoding: UTF-8).
[2023-12-15 13:53:32] [TRACE]   [OmnipathR] JSON validation successful: TRUE
[2023-12-15 13:53:32] [TRACE]   [OmnipathR] Reading JSON from `/Library/Frameworks/R.framework/Versions/4.2/Resources/library/OmnipathR/internal/id_types.json` (encoding: UTF-8).
[2023-12-15 13:53:32] [TRACE]   [OmnipathR] JSON validation successful: TRUE
[2023-12-15 13:53:45] [INFO]    [OmnipathR] Welcome to OmnipathR!
[2023-12-15 13:53:45] [TRACE]   [OmnipathR] Reading JSON from `/Users/ieo/Library/Caches/OmnipathR/cache.json` (encoding: UTF-8).
[2023-12-15 13:53:45] [TRACE]   [OmnipathR] JSON validation successful: TRUE
[2023-12-15 13:53:45] [INFO]    [OmnipathR] Initialized cache: `/Users/ieo/Library/Caches/OmnipathR`.
[2023-12-15 13:53:45] [TRACE]   [OmnipathR] Reading JSON from `/Library/Frameworks/R.framework/Versions/4.2/Resources/library/OmnipathR/db/db_def.json` (encoding: UTF-8).
[2023-12-15 13:53:45] [TRACE]   [OmnipathR] JSON validation successful: TRUE
[2023-12-15 13:53:45] [TRACE]   [OmnipathR] Reading JSON from `/Library/Frameworks/R.framework/Versions/4.2/Resources/library/OmnipathR/internal/magic_bytes.json` (encoding: UTF-8).
[2023-12-15 13:53:45] [TRACE]   [OmnipathR] JSON validation successful: TRUE
[2023-12-15 13:53:45] [TRACE]   [OmnipathR] Reading JSON from `/Library/Frameworks/R.framework/Versions/4.2/Resources/library/OmnipathR/internal/urls.json` (encoding: UTF-8).
[2023-12-15 13:53:45] [TRACE]   [OmnipathR] JSON validation successful: TRUE
[2023-12-15 13:53:45] [TRACE]   [OmnipathR] Reading JSON from `/Library/Frameworks/R.framework/Versions/4.2/Resources/library/OmnipathR/internal/id_types.json` (encoding: UTF-8).
[2023-12-15 13:53:45] [TRACE]   [OmnipathR] JSON validation successful: TRUE
[2023-12-15 13:53:58] [INFO]    [OmnipathR] Welcome to OmnipathR!
[2023-12-15 13:53:58] [TRACE]   [OmnipathR] Reading JSON from `/Users/ieo/Library/Caches/OmnipathR/cache.json` (encoding: UTF-8).
[2023-12-15 13:53:58] [TRACE]   [OmnipathR] JSON validation successful: TRUE
[2023-12-15 13:53:58] [INFO]    [OmnipathR] Initialized cache: `/Users/ieo/Library/Caches/OmnipathR`.
[2023-12-15 13:53:58] [TRACE]   [OmnipathR] Reading JSON from `/Library/Frameworks/R.framework/Versions/4.2/Resources/library/OmnipathR/db/db_def.json` (encoding: UTF-8).
[2023-12-15 13:53:58] [TRACE]   [OmnipathR] JSON validation successful: TRUE
[2023-12-15 13:53:58] [TRACE]   [OmnipathR] Reading JSON from `/Library/Frameworks/R.framework/Versions/4.2/Resources/library/OmnipathR/internal/magic_bytes.json` (encoding: UTF-8).
[2023-12-15 13:53:58] [TRACE]   [OmnipathR] JSON validation successful: TRUE
[2023-12-15 13:53:58] [TRACE]   [OmnipathR] Reading JSON from `/Library/Frameworks/R.framework/Versions/4.2/Resources/library/OmnipathR/internal/urls.json` (encoding: UTF-8).
[2023-12-15 13:53:58] [TRACE]   [OmnipathR] JSON validation successful: TRUE
[2023-12-15 13:53:58] [TRACE]   [OmnipathR] Reading JSON from `/Library/Frameworks/R.framework/Versions/4.2/Resources/library/OmnipathR/internal/id_types.json` (encoding: UTF-8).
[2023-12-15 13:53:58] [TRACE]   [OmnipathR] JSON validation successful: TRUE
